0 verbose cli /usr/local/bin/node /usr/local/bin/npm
1 info using npm@9.3.1
2 info using node@v18.14.0
3 timing npm:load:whichnode Completed in 3ms
4 timing config:load:defaults Completed in 4ms
5 timing config:load:file:/usr/local/lib/node_modules/npm/npmrc Completed in 22ms
6 timing config:load:builtin Completed in 23ms
7 timing config:load:cli Completed in 175ms
8 timing config:load:env Completed in 1ms
9 timing config:load:file:/Users/SaraVillegas/Library/Caches/typescript/5.1/.npmrc Completed in 0ms
10 timing config:load:project Completed in 5ms
11 timing config:load:file:/Users/SaraVillegas/.npmrc Completed in 0ms
12 timing config:load:user Completed in 1ms
13 timing config:load:file:/usr/local/etc/npmrc Completed in 1ms
14 timing config:load:global Completed in 1ms
15 timing config:load:setEnvs Completed in 3ms
16 timing config:load Completed in 213ms
17 timing npm:load:configload Completed in 213ms
18 timing npm:load:mkdirpcache Completed in 1ms
19 timing npm:load:mkdirplogs Completed in 0ms
20 verbose title npm install types-registry@latest
21 verbose argv "install" "--ignore-scripts" "types-registry@latest"
22 timing npm:load:setTitle Completed in 51ms
23 timing config:load:flatten Completed in 7ms
24 timing npm:load:display Completed in 9ms
25 verbose logfile logs-max:10 dir:/Users/SaraVillegas/.npm/_logs/2023-07-29T15_43_55_420Z-
26 verbose logfile /Users/SaraVillegas/.npm/_logs/2023-07-29T15_43_55_420Z-debug-0.log
27 timing npm:load:logFile Completed in 11ms
28 timing npm:load:timers Completed in 0ms
29 timing npm:load:configScope Completed in 0ms
30 timing npm:load Completed in 290ms
31 timing arborist:ctor Completed in 1ms
32 silly logfile start cleaning logs, removing 1 files
33 silly logfile done cleaning log files
34 timing arborist:ctor Completed in 0ms
35 timing idealTree:init Completed in 35ms
36 http fetch GET 200 https://registry.npmjs.org/types-registry 1743ms (cache updated)
37 timing idealTree:userRequests Completed in 1762ms
38 silly idealTree buildDeps
39 silly fetch manifest types-registry@0.1.653
40 silly placeDep ROOT types-registry@0.1.653 OK for:  want: 0.1.653
41 timing idealTree:#root Completed in 14ms
42 timing idealTree:node_modules/types-registry Completed in 0ms
43 timing idealTree:buildDeps Completed in 15ms
44 timing idealTree:fixDepFlags Completed in 0ms
45 timing idealTree Completed in 1814ms
46 timing reify:loadTrees Completed in 1816ms
47 timing reify:diffTrees Completed in 1ms
48 silly reify moves {}
49 timing reify:retireShallow Completed in 4ms
50 timing reify:createSparse Completed in 6ms
51 timing reify:loadBundles Completed in 0ms
52 silly audit bulk request { 'types-registry': [ '0.1.653' ] }
53 silly tarball no local data for types-registry@https://registry.npmjs.org/types-registry/-/types-registry-0.1.653.tgz. Extracting by manifest.
54 http fetch GET 200 https://registry.npmjs.org/npm 2270ms (cache updated)
55 http fetch POST 200 https://registry.npmjs.org/-/npm/v1/security/advisories/bulk 489ms
56 timing auditReport:getReport Completed in 493ms
57 silly audit report {}
58 timing auditReport:init Completed in 0ms
59 timing reify:audit Completed in 495ms
60 http fetch GET 200 https://registry.npmjs.org/types-registry/-/types-registry-0.1.653.tgz 651ms (cache miss)
61 timing reifyNode:node_modules/types-registry Completed in 670ms
62 timing reify:unpack Completed in 671ms
63 timing reify:unretire Completed in 0ms
64 timing build:queue Completed in 1ms
65 timing build:deps Completed in 1ms
66 timing build Completed in 1ms
67 timing reify:build Completed in 1ms
68 timing reify:trash Completed in 0ms
69 timing reify:save Completed in 21ms
70 timing reify Completed in 2566ms
71 silly ADD node_modules/types-registry
72 timing command:install Completed in 2575ms
73 notice
73 notice New minor version of npm available! 9.3.1 -> 9.8.1
73 notice Changelog: <https://github.com/npm/cli/releases/tag/v9.8.1>
73 notice Run `npm install -g npm@9.8.1` to update!
73 notice
74 verbose exit 0
75 timing npm Completed in 2902ms
76 info ok
