0 verbose cli /usr/local/bin/node /usr/local/bin/npm
1 info using npm@9.3.1
2 info using node@v18.14.0
3 timing npm:load:whichnode Completed in 8ms
4 timing config:load:defaults Completed in 17ms
5 timing config:load:file:/usr/local/lib/node_modules/npm/npmrc Completed in 140ms
6 timing config:load:builtin Completed in 140ms
7 timing config:load:cli Completed in 92ms
8 timing config:load:env Completed in 1ms
9 timing config:load:file:/Users/SaraVillegas/Library/Caches/typescript/4.9/.npmrc Completed in 1ms
10 timing config:load:project Completed in 21ms
11 timing config:load:file:/Users/SaraVillegas/.npmrc Completed in 1ms
12 timing config:load:user Completed in 2ms
13 timing config:load:file:/usr/local/etc/npmrc Completed in 0ms
14 timing config:load:global Completed in 0ms
15 timing config:load:setEnvs Completed in 1ms
16 timing config:load Completed in 277ms
17 timing npm:load:configload Completed in 277ms
18 timing npm:load:mkdirpcache Completed in 1ms
19 timing npm:load:mkdirplogs Completed in 14ms
20 verbose title npm install types-registry@latest
21 verbose argv "install" "--ignore-scripts" "types-registry@latest"
22 timing npm:load:setTitle Completed in 80ms
23 timing config:load:flatten Completed in 14ms
24 timing npm:load:display Completed in 18ms
25 verbose logfile logs-max:10 dir:/Users/SaraVillegas/.npm/_logs/2023-07-18T21_54_49_453Z-
26 verbose logfile /Users/SaraVillegas/.npm/_logs/2023-07-18T21_54_49_453Z-debug-0.log
27 timing npm:load:logFile Completed in 37ms
28 timing npm:load:timers Completed in 0ms
29 timing npm:load:configScope Completed in 1ms
30 timing npm:load Completed in 438ms
31 timing arborist:ctor Completed in 1ms
32 silly logfile start cleaning logs, removing 1 files
33 silly logfile done cleaning log files
34 timing idealTree:init Completed in 506ms
35 timing arborist:ctor Completed in 0ms
36 http fetch GET 200 https://registry.npmjs.org/types-registry 3004ms (cache updated)
37 timing idealTree:userRequests Completed in 3140ms
38 silly idealTree buildDeps
39 silly fetch manifest types-registry@0.1.652
40 silly placeDep ROOT types-registry@0.1.652 REPLACE for:  want: 0.1.652
41 timing idealTree:#root Completed in 13ms
42 timing idealTree:node_modules/types-registry Completed in 0ms
43 timing idealTree:buildDeps Completed in 15ms
44 timing idealTree:fixDepFlags Completed in 196ms
45 timing idealTree Completed in 3933ms
46 timing reify:loadTrees Completed in 3934ms
47 timing reify:diffTrees Completed in 18ms
48 silly reify mark retired [
48 silly reify   '/Users/SaraVillegas/Library/Caches/typescript/4.9/node_modules/types-registry'
48 silly reify ]
49 silly reify moves {
49 silly reify   '/Users/SaraVillegas/Library/Caches/typescript/4.9/node_modules/types-registry': '/Users/SaraVillegas/Library/Caches/typescript/4.9/node_modules/.types-registry-LE4CHWWA'
49 silly reify }
50 timing reify:retireShallow Completed in 77ms
51 timing reify:createSparse Completed in 8ms
52 timing reify:loadBundles Completed in 0ms
53 silly audit bulk request {
53 silly audit   '@babel/code-frame': [ '7.18.6' ],
53 silly audit   '@babel/helper-validator-identifier': [ '7.19.1' ],
53 silly audit   '@babel/highlight': [ '7.18.6' ],
53 silly audit   'ansi-styles': [ '3.2.1', '4.3.0', '5.2.0' ],
53 silly audit   chalk: [ '2.4.2', '4.1.2' ],
53 silly audit   'color-convert': [ '1.9.3', '2.0.1' ],
53 silly audit   'color-name': [ '1.1.3', '1.1.4' ],
53 silly audit   'escape-string-regexp': [ '1.0.5', '2.0.0' ],
53 silly audit   'has-flag': [ '3.0.0', '4.0.0' ],
53 silly audit   'supports-color': [ '5.5.0', '7.2.0' ],
53 silly audit   '@jest/expect-utils': [ '29.4.3' ],
53 silly audit   '@jest/schemas': [ '29.4.3' ],
53 silly audit   '@jest/types': [ '29.4.3' ],
53 silly audit   '@popperjs/core': [ '2.11.6' ],
53 silly audit   '@sinclair/typebox': [ '0.25.23' ],
53 silly audit   '@types/bootstrap': [ '5.2.6' ],
53 silly audit   '@types/eslint': [ '8.21.1' ],
53 silly audit   '@types/estree': [ '1.0.0' ],
53 silly audit   '@types/istanbul-lib-coverage': [ '2.0.4' ],
53 silly audit   '@types/istanbul-lib-report': [ '3.0.0' ],
53 silly audit   '@types/istanbul-reports': [ '3.0.1' ],
53 silly audit   '@types/jest': [ '29.5.1' ],
53 silly audit   '@types/json-schema': [ '7.0.11' ],
53 silly audit   '@types/linkify-it': [ '3.0.2' ],
53 silly audit   '@types/markdown-it': [ '12.2.3' ],
53 silly audit   '@types/markdown-it-highlightjs': [ '3.3.1' ],
53 silly audit   '@types/mdurl': [ '1.0.2' ],
53 silly audit   '@types/node': [ '18.14.0' ],
53 silly audit   '@types/stack-utils': [ '2.0.1' ],
53 silly audit   '@types/yargs': [ '17.0.22' ],
53 silly audit   '@types/yargs-parser': [ '21.0.0' ],
53 silly audit   braces: [ '3.0.2' ],
53 silly audit   'ci-info': [ '3.8.0' ],
53 silly audit   'diff-sequences': [ '29.4.3' ],
53 silly audit   expect: [ '29.4.3' ],
53 silly audit   'fill-range': [ '7.0.1' ],
53 silly audit   'graceful-fs': [ '4.2.10' ],
53 silly audit   'highlight.js': [ '10.7.3' ],
53 silly audit   'is-number': [ '7.0.0' ],
53 silly audit   'jest-diff': [ '29.4.3' ],
53 silly audit   'jest-get-type': [ '29.4.3' ],
53 silly audit   'jest-matcher-utils': [ '29.4.3' ],
53 silly audit   'jest-message-util': [ '29.4.3' ],
53 silly audit   'jest-util': [ '29.4.3' ],
53 silly audit   'js-tokens': [ '4.0.0' ],
53 silly audit   micromatch: [ '4.0.5' ],
53 silly audit   picomatch: [ '2.3.1' ],
53 silly audit   'pretty-format': [ '29.4.3' ],
53 silly audit   'react-is': [ '18.2.0' ],
53 silly audit   slash: [ '3.0.0' ],
53 silly audit   'stack-utils': [ '2.0.6' ],
53 silly audit   'to-regex-range': [ '5.0.1' ],
53 silly audit   'types-registry': [ '0.1.652' ]
53 silly audit }
54 silly tarball no local data for types-registry@https://registry.npmjs.org/types-registry/-/types-registry-0.1.652.tgz. Extracting by manifest.
55 http fetch POST 200 https://registry.npmjs.org/-/npm/v1/security/advisories/bulk 272ms
56 timing auditReport:getReport Completed in 280ms
57 silly audit report {}
58 timing auditReport:init Completed in 0ms
59 timing reify:audit Completed in 281ms
60 http fetch GET 200 https://registry.npmjs.org/types-registry/-/types-registry-0.1.652.tgz 544ms (cache miss)
61 timing reifyNode:node_modules/types-registry Completed in 566ms
62 timing reify:unpack Completed in 566ms
63 timing reify:unretire Completed in 0ms
64 timing build:queue Completed in 1ms
65 timing build:deps Completed in 1ms
66 timing build Completed in 2ms
67 timing reify:build Completed in 4ms
68 timing reify:trash Completed in 11ms
69 timing reify:save Completed in 277ms
70 timing reify Completed in 4953ms
71 silly CHANGE node_modules/types-registry
72 timing command:install Completed in 4965ms
73 verbose exit 0
74 timing npm Completed in 5460ms
75 info ok
