0 verbose cli /usr/local/bin/node /usr/local/bin/npm
1 info using npm@9.3.1
2 info using node@v18.14.0
3 timing npm:load:whichnode Completed in 8ms
4 timing config:load:defaults Completed in 2ms
5 timing config:load:file:/usr/local/lib/node_modules/npm/npmrc Completed in 3ms
6 timing config:load:builtin Completed in 4ms
7 timing config:load:cli Completed in 47ms
8 timing config:load:env Completed in 1ms
9 timing config:load:file:/Users/SaraVillegas/Library/Caches/typescript/5.1/.npmrc Completed in 2ms
10 timing config:load:project Completed in 18ms
11 timing config:load:file:/Users/SaraVillegas/.npmrc Completed in 0ms
12 timing config:load:user Completed in 1ms
13 timing config:load:file:/usr/local/etc/npmrc Completed in 6ms
14 timing config:load:global Completed in 7ms
15 timing config:load:setEnvs Completed in 9ms
16 timing config:load Completed in 95ms
17 timing npm:load:configload Completed in 97ms
18 timing npm:load:mkdirpcache Completed in 19ms
19 timing npm:load:mkdirplogs Completed in 0ms
20 verbose title npm install types-registry@latest
21 verbose argv "install" "--ignore-scripts" "types-registry@latest"
22 timing npm:load:setTitle Completed in 103ms
23 timing config:load:flatten Completed in 9ms
24 timing npm:load:display Completed in 12ms
25 verbose logfile logs-max:10 dir:/Users/SaraVillegas/.npm/_logs/2023-08-04T15_45_01_159Z-
26 verbose logfile /Users/SaraVillegas/.npm/_logs/2023-08-04T15_45_01_159Z-debug-0.log
27 timing npm:load:logFile Completed in 12ms
28 timing npm:load:timers Completed in 1ms
29 timing npm:load:configScope Completed in 0ms
30 timing npm:load Completed in 254ms
31 timing arborist:ctor Completed in 2ms
32 silly logfile start cleaning logs, removing 1 files
33 silly logfile done cleaning log files
34 timing idealTree:init Completed in 59ms
35 timing arborist:ctor Completed in 1ms
36 http fetch GET 200 https://registry.npmjs.org/types-registry 751ms (cache updated)
37 timing idealTree:userRequests Completed in 765ms
38 silly idealTree buildDeps
39 silly fetch manifest types-registry@0.1.654
40 silly placeDep ROOT types-registry@0.1.654 REPLACE for:  want: 0.1.654
41 timing idealTree:#root Completed in 9ms
42 timing idealTree:node_modules/types-registry Completed in 0ms
43 timing idealTree:buildDeps Completed in 11ms
44 timing idealTree:fixDepFlags Completed in 0ms
45 timing idealTree Completed in 838ms
46 timing reify:loadTrees Completed in 839ms
47 timing reify:diffTrees Completed in 3ms
48 silly reify mark retired [
48 silly reify   '/Users/SaraVillegas/Library/Caches/typescript/5.1/node_modules/types-registry'
48 silly reify ]
49 silly reify moves {
49 silly reify   '/Users/SaraVillegas/Library/Caches/typescript/5.1/node_modules/types-registry': '/Users/SaraVillegas/Library/Caches/typescript/5.1/node_modules/.types-registry-8cdY7AuH'
49 silly reify }
50 timing reify:retireShallow Completed in 5ms
51 timing reify:createSparse Completed in 0ms
52 timing reify:loadBundles Completed in 0ms
53 silly audit bulk request {
53 silly audit   '@types/eslint': [ '8.44.1' ],
53 silly audit   '@types/eslint-plugin-prettier': [ '3.1.0' ],
53 silly audit   '@types/estree': [ '1.0.1' ],
53 silly audit   '@types/hoist-non-react-statics': [ '3.3.1' ],
53 silly audit   '@types/json-schema': [ '7.0.12' ],
53 silly audit   '@types/prettier': [ '2.7.3' ],
53 silly audit   '@types/prop-types': [ '15.7.5' ],
53 silly audit   '@types/react': [ '18.2.17' ],
53 silly audit   '@types/react-dom': [ '18.2.7' ],
53 silly audit   '@types/scheduler': [ '0.16.3' ],
53 silly audit   '@types/styled-components': [ '5.1.26' ],
53 silly audit   csstype: [ '3.1.2' ],
53 silly audit   'hoist-non-react-statics': [ '3.3.2' ],
53 silly audit   'react-is': [ '16.13.1' ],
53 silly audit   'types-registry': [ '0.1.654' ]
53 silly audit }
54 silly tarball no local data for types-registry@https://registry.npmjs.org/types-registry/-/types-registry-0.1.654.tgz. Extracting by manifest.
55 http fetch POST 200 https://registry.npmjs.org/-/npm/v1/security/advisories/bulk 190ms
56 timing auditReport:getReport Completed in 193ms
57 silly audit report {}
58 timing auditReport:init Completed in 0ms
59 timing reify:audit Completed in 194ms
60 http fetch GET 200 https://registry.npmjs.org/types-registry/-/types-registry-0.1.654.tgz 395ms (cache miss)
61 timing reifyNode:node_modules/types-registry Completed in 408ms
62 timing reify:unpack Completed in 408ms
63 timing reify:unretire Completed in 0ms
64 timing build:queue Completed in 1ms
65 timing build:deps Completed in 1ms
66 timing build Completed in 1ms
67 timing reify:build Completed in 1ms
68 timing reify:trash Completed in 3ms
69 timing reify:save Completed in 21ms
70 timing reify Completed in 1317ms
71 silly CHANGE node_modules/types-registry
72 timing command:install Completed in 1329ms
73 verbose exit 0
74 timing npm Completed in 1642ms
75 info ok
