0 verbose cli /usr/local/bin/node /usr/local/bin/npm
1 info using npm@9.3.1
2 info using node@v18.14.0
3 timing npm:load:whichnode Completed in 1ms
4 timing config:load:defaults Completed in 3ms
5 timing config:load:file:/usr/local/lib/node_modules/npm/npmrc Completed in 0ms
6 timing config:load:builtin Completed in 1ms
7 timing config:load:cli Completed in 3ms
8 timing config:load:env Completed in 1ms
9 timing config:load:file:/Users/SaraVillegas/Library/Caches/typescript/4.9/.npmrc Completed in 0ms
10 timing config:load:project Completed in 2ms
11 timing config:load:file:/Users/SaraVillegas/.npmrc Completed in 0ms
12 timing config:load:user Completed in 1ms
13 timing config:load:file:/usr/local/etc/npmrc Completed in 0ms
14 timing config:load:global Completed in 0ms
15 timing config:load:setEnvs Completed in 2ms
16 timing config:load Completed in 16ms
17 timing npm:load:configload Completed in 16ms
18 timing npm:load:mkdirpcache Completed in 0ms
19 timing npm:load:mkdirplogs Completed in 1ms
20 verbose title npm install @types/bootstrap@ts4.9 @types/markdown-it@ts4.9 @types/markdown-it-highlightjs@ts4.9
21 verbose argv "install" "--ignore-scripts" "@types/bootstrap@ts4.9" "@types/markdown-it@ts4.9" "@types/markdown-it-highlightjs@ts4.9" "--save-dev" "--user-agent" "typesInstaller/4.9.5"
22 timing npm:load:setTitle Completed in 31ms
23 timing config:load:flatten Completed in 7ms
24 timing npm:load:display Completed in 9ms
25 verbose logfile logs-max:10 dir:/Users/SaraVillegas/.npm/_logs/2023-07-13T01_07_45_328Z-
26 verbose logfile /Users/SaraVillegas/.npm/_logs/2023-07-13T01_07_45_328Z-debug-0.log
27 timing npm:load:logFile Completed in 9ms
28 timing npm:load:timers Completed in 0ms
29 timing npm:load:configScope Completed in 0ms
30 timing npm:load Completed in 67ms
31 timing arborist:ctor Completed in 1ms
32 silly logfile start cleaning logs, removing 1 files
33 silly logfile done cleaning log files
34 timing idealTree:init Completed in 113ms
35 timing arborist:ctor Completed in 0ms
36 http fetch GET 200 https://registry.npmjs.org/@types%2fbootstrap 500ms (cache revalidated)
37 http fetch GET 200 https://registry.npmjs.org/@types%2fmarkdown-it-highlightjs 966ms (cache revalidated)
38 http fetch GET 200 https://registry.npmjs.org/@types%2fmarkdown-it 1223ms (cache revalidated)
39 timing idealTree:userRequests Completed in 1232ms
40 silly idealTree buildDeps
41 silly fetch manifest @types/bootstrap@5.2.6
42 silly fetch manifest @types/markdown-it@12.2.3
43 silly fetch manifest @types/markdown-it-highlightjs@3.3.1
44 silly placeDep ROOT @types/bootstrap@5.2.6 REPLACE for:  want: 5.2.6
45 silly placeDep ROOT @types/markdown-it@12.2.3 REPLACE for:  want: 12.2.3
46 silly placeDep ROOT @types/markdown-it-highlightjs@3.3.1 REPLACE for:  want: 3.3.1
47 timing idealTree:#root Completed in 18ms
48 timing idealTree:node_modules/@types/bootstrap Completed in 0ms
49 timing idealTree:node_modules/@types/markdown-it Completed in 0ms
50 timing idealTree:node_modules/@types/markdown-it-highlightjs Completed in 0ms
51 timing idealTree:buildDeps Completed in 19ms
52 timing idealTree:fixDepFlags Completed in 1ms
53 timing idealTree Completed in 1372ms
54 timing reify:loadTrees Completed in 1373ms
55 timing reify:diffTrees Completed in 4ms
56 silly reify moves {}
57 timing reify:retireShallow Completed in 1ms
58 timing reify:createSparse Completed in 0ms
59 timing reify:loadBundles Completed in 0ms
60 silly audit bulk request {
60 silly audit   '@babel/code-frame': [ '7.18.6' ],
60 silly audit   '@babel/helper-validator-identifier': [ '7.19.1' ],
60 silly audit   '@babel/highlight': [ '7.18.6' ],
60 silly audit   'ansi-styles': [ '3.2.1', '4.3.0', '5.2.0' ],
60 silly audit   chalk: [ '2.4.2', '4.1.2' ],
60 silly audit   'color-convert': [ '1.9.3', '2.0.1' ],
60 silly audit   'color-name': [ '1.1.3', '1.1.4' ],
60 silly audit   'escape-string-regexp': [ '1.0.5', '2.0.0' ],
60 silly audit   'has-flag': [ '3.0.0', '4.0.0' ],
60 silly audit   'supports-color': [ '5.5.0', '7.2.0' ],
60 silly audit   '@jest/expect-utils': [ '29.4.3' ],
60 silly audit   '@jest/schemas': [ '29.4.3' ],
60 silly audit   '@jest/types': [ '29.4.3' ],
60 silly audit   '@popperjs/core': [ '2.11.6' ],
60 silly audit   '@sinclair/typebox': [ '0.25.23' ],
60 silly audit   '@types/eslint': [ '8.21.1' ],
60 silly audit   '@types/estree': [ '1.0.0' ],
60 silly audit   '@types/istanbul-lib-coverage': [ '2.0.4' ],
60 silly audit   '@types/istanbul-lib-report': [ '3.0.0' ],
60 silly audit   '@types/istanbul-reports': [ '3.0.1' ],
60 silly audit   '@types/jest': [ '29.5.1' ],
60 silly audit   '@types/json-schema': [ '7.0.11' ],
60 silly audit   '@types/linkify-it': [ '3.0.2' ],
60 silly audit   '@types/mdurl': [ '1.0.2' ],
60 silly audit   '@types/node': [ '18.14.0' ],
60 silly audit   '@types/stack-utils': [ '2.0.1' ],
60 silly audit   '@types/yargs': [ '17.0.22' ],
60 silly audit   '@types/yargs-parser': [ '21.0.0' ],
60 silly audit   braces: [ '3.0.2' ],
60 silly audit   'ci-info': [ '3.8.0' ],
60 silly audit   'diff-sequences': [ '29.4.3' ],
60 silly audit   expect: [ '29.4.3' ],
60 silly audit   'fill-range': [ '7.0.1' ],
60 silly audit   'graceful-fs': [ '4.2.10' ],
60 silly audit   'highlight.js': [ '10.7.3' ],
60 silly audit   'is-number': [ '7.0.0' ],
60 silly audit   'jest-diff': [ '29.4.3' ],
60 silly audit   'jest-get-type': [ '29.4.3' ],
60 silly audit   'jest-matcher-utils': [ '29.4.3' ],
60 silly audit   'jest-message-util': [ '29.4.3' ],
60 silly audit   'jest-util': [ '29.4.3' ],
60 silly audit   'js-tokens': [ '4.0.0' ],
60 silly audit   micromatch: [ '4.0.5' ],
60 silly audit   picomatch: [ '2.3.1' ],
60 silly audit   'pretty-format': [ '29.4.3' ],
60 silly audit   'react-is': [ '18.2.0' ],
60 silly audit   slash: [ '3.0.0' ],
60 silly audit   'stack-utils': [ '2.0.6' ],
60 silly audit   'to-regex-range': [ '5.0.1' ],
60 silly audit   'types-registry': [ '0.1.651' ],
60 silly audit   '@types/bootstrap': [ '5.2.6' ],
60 silly audit   '@types/markdown-it': [ '12.2.3' ],
60 silly audit   '@types/markdown-it-highlightjs': [ '3.3.1' ]
60 silly audit }
61 timing reify:unpack Completed in 1ms
62 timing reify:unretire Completed in 1ms
63 timing build:queue Completed in 0ms
64 timing build:deps Completed in 1ms
65 timing build Completed in 1ms
66 timing reify:build Completed in 1ms
67 timing reify:trash Completed in 0ms
68 timing reify:save Completed in 26ms
69 http fetch POST 200 https://registry.npmjs.org/-/npm/v1/security/advisories/bulk 277ms
70 timing auditReport:getReport Completed in 283ms
71 silly audit report {}
72 timing auditReport:init Completed in 0ms
73 timing reify:audit Completed in 284ms
74 timing reify Completed in 1673ms
75 timing command:install Completed in 1687ms
76 verbose exit 0
77 timing npm Completed in 1779ms
78 info ok
